<?xml version="1.0" encoding="UTF-8"?>
<!-- Generated by org.testng.reporters.JUnitReportReporter -->
<testsuite skipped="0" hostname="PC" name="MyRunner.TestRunner" tests="1" failures="0" timestamp="26 Feb 2021 06:22:26 GMT" time="17.559" errors="0">
  <testcase name="feature" time="17.559" classname="MyRunner.TestRunner"/>
</testsuite> <!-- MyRunner.TestRunner -->
