<?xml version="1.0" encoding="UTF-8"?>
<!-- Generated by org.testng.reporters.JUnitReportReporter -->
<testsuite skipped="0" hostname="PC" name="MyRunner.TestRunner" tests="1" failures="0" timestamp="26 Feb 2021 05:45:58 GMT" time="39.108" errors="0">
  <testcase name="feature" time="39.108" classname="MyRunner.TestRunner"/>
</testsuite> <!-- MyRunner.TestRunner -->
