<?xml version="1.0" encoding="UTF-8"?>
<!-- Generated by org.testng.reporters.JUnitReportReporter -->
<testsuite skipped="0" hostname="PC" name="MyRunner.TestRunner" tests="1" failures="0" timestamp="13 Feb 2021 17:24:10 GMT" time="24.232" errors="0">
  <testcase name="feature" time="24.232" classname="MyRunner.TestRunner"/>
</testsuite> <!-- MyRunner.TestRunner -->
